<?xml version="1.0" encoding="UTF-8"?>
<testsuites>
  <testsuite name="/home/runner/work/8800SX/8800SX/phpunit.xml" tests="14" assertions="119" errors="0" failures="0" skipped="0" time="0.013558">
    <testsuite name="Unit" tests="14" assertions="119" errors="0" failures="0" skipped="0" time="0.013558">
      <testsuite name="Tests\Unit\FileValidationTest" file="/home/runner/work/8800SX/8800SX/tests/Unit/FileValidationTest.php" tests="6" assertions="53" errors="0" failures="0" skipped="0" time="0.007157">
        <testcase name="testSanitizeFileName" file="/home/runner/work/8800SX/8800SX/tests/Unit/FileValidationTest.php" line="54" class="Tests\Unit\FileValidationTest" classname="Tests.Unit.FileValidationTest" assertions="4" time="0.002463"/>
        <testcase name="testGenerateUniqueFileName" file="/home/runner/work/8800SX/8800SX/tests/Unit/FileValidationTest.php" line="68" class="Tests\Unit\FileValidationTest" classname="Tests.Unit.FileValidationTest" assertions="3" time="0.001105"/>
        <testcase name="testFileExtensionValidation" file="/home/runner/work/8800SX/8800SX/tests/Unit/FileValidationTest.php" line="84" class="Tests\Unit\FileValidationTest" classname="Tests.Unit.FileValidationTest" assertions="4" time="0.000405"/>
        <testcase name="testFilenameFormatValidation" file="/home/runner/work/8800SX/8800SX/tests/Unit/FileValidationTest.php" line="97" class="Tests\Unit\FileValidationTest" classname="Tests.Unit.FileValidationTest" assertions="7" time="0.000446"/>
        <testcase name="testDateTimeValidation" file="/home/runner/work/8800SX/8800SX/tests/Unit/FileValidationTest.php" line="122" class="Tests\Unit\FileValidationTest" classname="Tests.Unit.FileValidationTest" assertions="20" time="0.001207"/>
        <testcase name="testUploadErrorCodes" file="/home/runner/work/8800SX/8800SX/tests/Unit/FileValidationTest.php" line="151" class="Tests\Unit\FileValidationTest" classname="Tests.Unit.FileValidationTest" assertions="15" time="0.001531"/>
      </testsuite>
      <testsuite name="Tests\Unit\SecurityTest" file="/home/runner/work/8800SX/8800SX/tests/Unit/SecurityTest.php" tests="8" assertions="66" errors="0" failures="0" skipped="0" time="0.006401">
        <testcase name="testHtmlEscaping" file="/home/runner/work/8800SX/8800SX/tests/Unit/SecurityTest.php" line="12" class="Tests\Unit\SecurityTest" classname="Tests.Unit.SecurityTest" assertions="2" time="0.000269"/>
        <testcase name="testSqlInjectionPrevention" file="/home/runner/work/8800SX/8800SX/tests/Unit/SecurityTest.php" line="21" class="Tests\Unit\SecurityTest" classname="Tests.Unit.SecurityTest" assertions="1" time="0.000297"/>
        <testcase name="testFileUploadSecurity" file="/home/runner/work/8800SX/8800SX/tests/Unit/SecurityTest.php" line="33" class="Tests\Unit\SecurityTest" classname="Tests.Unit.SecurityTest" assertions="38" time="0.003080"/>
        <testcase name="testDirectoryTraversalPrevention" file="/home/runner/work/8800SX/8800SX/tests/Unit/SecurityTest.php" line="53" class="Tests\Unit\SecurityTest" classname="Tests.Unit.SecurityTest" assertions="5" time="0.000874"/>
        <testcase name="testInputValidation" file="/home/runner/work/8800SX/8800SX/tests/Unit/SecurityTest.php" line="78" class="Tests\Unit\SecurityTest" classname="Tests.Unit.SecurityTest" assertions="11" time="0.001087"/>
        <testcase name="testPasswordSecurity" file="/home/runner/work/8800SX/8800SX/tests/Unit/SecurityTest.php" line="106" class="Tests\Unit\SecurityTest" classname="Tests.Unit.SecurityTest" assertions="4" time="0.000354"/>
        <testcase name="testSecureHeaders" file="/home/runner/work/8800SX/8800SX/tests/Unit/SecurityTest.php" line="120" class="Tests\Unit\SecurityTest" classname="Tests.Unit.SecurityTest" assertions="3" time="0.000220"/>
        <testcase name="testFileUploadLimits" file="/home/runner/work/8800SX/8800SX/tests/Unit/SecurityTest.php" line="135" class="Tests\Unit\SecurityTest" classname="Tests.Unit.SecurityTest" assertions="2" time="0.000219"/>
      </testsuite>
    </testsuite>
  </testsuite>
</testsuites>
